TN:
SF:src/modules/appointments/services/CreateAppointmentService.ts
FN:13,(anonymous_18)
FN:14,CreateAppointmentService
FN:19,(anonymous_20)
FN:33,(anonymous_23)
FNF:4
FNH:4
FNDA:1,(anonymous_18)
FNDA:2,CreateAppointmentService
FNDA:3,(anonymous_20)
FNDA:3,(anonymous_23)
DA:1,1
DA:2,1
DA:5,1
DA:13,1
DA:16,2
DA:19,1
DA:20,3
DA:21,3
DA:23,3
DA:25,2
DA:30,2
DA:33,1
DA:34,3
DA:36,3
DA:40,3
DA:41,1
DA:44,2
DA:46,1
DA:48,1
LF:19
LH:19
BRDA:23,0,0,3
BRDA:40,1,0,1
BRDA:40,1,1,2
BRF:3
BRH:3
end_of_record
TN:
SF:src/modules/users/services/AuthenticateUserService.ts
FN:29,(anonymous_18)
FN:30,AuthenticateUserService
FN:37,(anonymous_20)
FN:47,(anonymous_23)
FN:57,(anonymous_26)
FN:71,(anonymous_29)
FN:82,(anonymous_30)
FNF:7
FNH:7
FNDA:1,(anonymous_18)
FNDA:3,AuthenticateUserService
FNDA:3,(anonymous_20)
FNDA:3,(anonymous_23)
FNDA:2,(anonymous_26)
FNDA:1,(anonymous_29)
FNDA:1,(anonymous_30)
DA:1,1
DA:2,1
DA:5,1
DA:6,1
DA:29,1
DA:32,3
DA:34,3
DA:37,3
DA:38,3
DA:39,4
DA:41,1
DA:42,1
DA:44,1
DA:47,1
DA:48,3
DA:50,3
DA:51,1
DA:54,2
DA:57,1
DA:61,2
DA:66,2
DA:67,1
DA:71,1
DA:72,1
DA:74,1
DA:79,1
DA:82,1
DA:83,1
DA:84,1
DA:86,1
DA:88,1
LF:31
LH:31
BRDA:38,0,0,3
BRDA:48,1,0,3
BRDA:50,2,0,1
BRDA:50,2,1,2
BRDA:61,3,0,2
BRDA:66,4,0,1
BRDA:66,4,1,1
BRF:7
BRH:7
end_of_record
TN:
SF:src/modules/users/services/CreateUserService.ts
FN:16,(anonymous_18)
FN:17,CreateUserService
FN:24,(anonymous_20)
FNF:3
FNH:3
FNDA:2,(anonymous_18)
FNDA:5,CreateUserService
FNDA:6,(anonymous_20)
DA:1,2
DA:4,2
DA:16,2
DA:19,5
DA:21,5
DA:24,6
DA:25,6
DA:27,6
DA:28,1
DA:31,5
DA:33,5
DA:39,5
DA:41,2
LF:13
LH:13
BRDA:25,0,0,6
BRDA:27,1,0,1
BRDA:27,1,1,5
BRF:3
BRH:3
end_of_record
TN:
SF:src/modules/users/services/ResetPasswordService.ts
FN:15,(anonymous_18)
FN:16,ResetPasswordService
FN:25,(anonymous_20)
FNF:3
FNH:3
FNDA:1,(anonymous_18)
FNDA:4,ResetPasswordService
FNDA:4,(anonymous_20)
DA:1,1
DA:2,1
DA:7,1
DA:15,1
DA:18,4
DA:20,4
DA:22,4
DA:25,4
DA:26,4
DA:28,4
DA:29,1
DA:32,3
DA:34,3
DA:35,1
DA:38,2
DA:40,2
DA:41,1
DA:44,1
DA:46,2
DA:48,1
LF:20
LH:20
BRDA:26,0,0,4
BRDA:28,1,0,1
BRDA:28,1,1,3
BRDA:34,2,0,1
BRDA:34,2,1,2
BRDA:40,3,0,1
BRDA:40,3,1,1
BRF:7
BRH:7
end_of_record
TN:
SF:src/modules/users/services/SendForgotPasswordEmailService.ts
FN:13,(anonymous_18)
FN:14,SendForgotPasswordEmailService
FN:23,(anonymous_20)
FNF:3
FNH:3
FNDA:1,(anonymous_18)
FNDA:3,SendForgotPasswordEmailService
FNDA:3,(anonymous_20)
DA:1,1
DA:6,1
DA:13,1
DA:16,3
DA:18,3
DA:20,3
DA:23,3
DA:24,3
DA:26,3
DA:27,1
DA:30,2
DA:32,4
DA:37,1
LF:13
LH:13
BRDA:24,0,0,3
BRDA:26,1,0,1
BRDA:26,1,1,2
BRF:3
BRH:3
end_of_record
TN:
SF:src/modules/users/services/ShowProfileService.ts
FN:13,(anonymous_18)
FN:14,ShowProfileService
FN:19,(anonymous_20)
FNF:3
FNH:3
FNDA:1,(anonymous_18)
FNDA:2,ShowProfileService
FNDA:2,(anonymous_20)
DA:1,1
DA:4,1
DA:13,1
DA:16,2
DA:19,2
DA:20,2
DA:22,2
DA:23,1
DA:26,1
DA:28,1
LF:10
LH:10
BRDA:20,0,0,2
BRDA:22,1,0,1
BRDA:22,1,1,1
BRF:3
BRH:3
end_of_record
TN:
SF:src/modules/users/services/UpdateProfileService.ts
FN:18,(anonymous_18)
FN:19,UpdateProfileService
FN:26,(anonymous_20)
FNF:3
FNH:3
FNDA:1,(anonymous_18)
FNDA:6,UpdateProfileService
FNDA:6,(anonymous_20)
DA:1,1
DA:4,1
DA:18,1
DA:21,6
DA:23,6
DA:26,1
DA:27,6
DA:28,6
DA:29,6
DA:30,6
DA:31,6
DA:33,6
DA:35,6
DA:36,1
DA:42,5
DA:44,5
DA:45,1
DA:46,1
DA:49,4
DA:50,4
DA:52,4
DA:53,1
DA:58,4
DA:59,2
DA:64,2
DA:65,1
DA:68,1
DA:71,2
DA:73,1
LF:29
LH:29
BRDA:33,0,0,6
BRDA:33,0,1,2
BRDA:35,1,0,1
BRDA:35,1,1,5
BRDA:44,2,0,1
BRDA:44,2,1,4
BRDA:44,3,0,5
BRDA:44,3,1,1
BRDA:52,4,0,1
BRDA:52,4,1,3
BRDA:52,5,0,4
BRDA:52,5,1,3
BRDA:58,6,0,1
BRDA:58,6,1,2
BRDA:58,7,0,3
BRDA:58,7,1,2
BRDA:64,8,0,1
BRDA:64,8,1,1
BRF:18
BRH:18
end_of_record
TN:
SF:src/modules/users/services/UpdateUserAvatarService.ts
FN:15,(anonymous_18)
FN:16,AppUpdateUserAvatarService
FN:23,(anonymous_20)
FNF:3
FNH:3
FNDA:1,(anonymous_18)
FNDA:3,AppUpdateUserAvatarService
FNDA:4,(anonymous_20)
DA:1,1
DA:4,1
DA:15,1
DA:18,3
DA:20,3
DA:23,4
DA:24,4
DA:26,4
DA:27,1
DA:30,3
DA:31,1
DA:34,3
DA:36,3
DA:38,6
DA:40,3
DA:42,1
LF:16
LH:16
BRDA:24,0,0,4
BRDA:26,1,0,1
BRDA:26,1,1,3
BRDA:30,2,0,1
BRDA:30,2,1,2
BRF:5
BRH:5
end_of_record
